<?xml version="1.0" encoding="UTF-8"?>
<testsuite name="feature.Create_Issue3" tests="1" skipped="0" failures="0" errors="0" timestamp="2020-08-08T09:40:54" hostname="LGDN14090-W7D01" time="7.553">
  <properties/>
  <testcase name="TC01[0]({IssueSummary=This is a bug, IssueType=Bug, RunMode=Y, TestType=Positive, TestingType=Regression, TestDataPurpose=Create an issue as Bug, ProjectName=Project_Demo, No.=Data3})" classname="feature.Create_Issue3" time="7.553"/>
  <system-out><![CDATA[2020-08-08 16:40:50,448 INFO  Object - beforeClass method - start
2020-08-08 16:40:50,448 INFO  Object - beforeClass method - End
2020-08-08 16:40:50,450 INFO  Object - beforeMethod method - Start
2020-08-08 16:40:50,450 INFO  Object - Data3: Create an issue as Bug
2020-08-08 16:40:50,503 DEBUG Object - Login to JIRA...start
2020-08-08 16:40:52,713 INFO  Object - Login to JIRA portal...end
2020-08-08 16:41:00,257 DEBUG Object - Login to JIRA...start
2020-08-08 16:41:02,056 INFO  Object - Login to JIRA portal...end
2020-08-08 16:41:02,057 INFO  Object - afterMethod method - Start
2020-08-08 16:41:03,343 INFO  Object - afterMethod method - End
]]></system-out>
  <system-err><![CDATA[Starting ChromeDriver 79.0.3945.36 (3582db32b33893869b8c1339e8f4d9ed1816f143-refs/branch-heads/3945@{#614}) on port 31251
Only local connections are allowed.
Please protect ports used by ChromeDriver and related test frameworks to prevent access by malicious code.
]]></system-err>
</testsuite>
